<?xml version="1.0" encoding="UTF-8"?>
<!-- Generated by org.testng.reporters.JUnitXMLReporter -->
<testsuite ignored="0" hostname="PerryG.local" failures="3" tests="6" name="Free CRM App Test Cases" time="3.372" errors="0" timestamp="12 Nov 2019 11:01:05 GMT">
  <testcase classname="Request.TC002_POST_Request" name="Registration" time="1.78"/>
  <testcase classname="Request.TC002_POST_Request" name="Registration" time="0.535"/>
  <testcase classname="Request.TC002_POST_Request" name="Registration" time="0.525"/>
  <testcase classname="Request.TC002_POST_Request" name="Login" time="0.04">
    <failure type="java.lang.NullPointerException">
      <![CDATA[java.lang.NullPointerException
at Request.TC002_POST_Request.Login(TC002_POST_Request.java:97)
... Removed 25 stack frames]]>
    </failure>
  </testcase> <!-- Login -->
  <testcase classname="Request.TC002_POST_Request" name="Changepassword" time="0.006">
    <failure type="java.lang.IllegalArgumentException" message="Header value cannot be null">
      <![CDATA[java.lang.IllegalArgumentException: Header value cannot be null
at org.codehaus.groovy.runtime.callsite.ConstructorSite$ConstructorSiteNoUnwrap.callConstructor(ConstructorSite.java:84)
at org.codehaus.groovy.runtime.callsite.CallSiteArray.defaultCallConstructor(CallSiteArray.java:59)
at org.codehaus.groovy.runtime.callsite.AbstractCallSite.callConstructor(AbstractCallSite.java:237)
at org.codehaus.groovy.runtime.callsite.AbstractCallSite.callConstructor(AbstractCallSite.java:249)
at io.restassured.internal.common.assertion.AssertParameter.notNull(AssertParameter.groovy:26)
at io.restassured.internal.common.assertion.AssertParameter$notNull.callStatic(Unknown Source)
at org.codehaus.groovy.runtime.callsite.CallSiteArray.defaultCallStatic(CallSiteArray.java:55)
at io.restassured.internal.common.assertion.AssertParameter$notNull.callStatic(Unknown Source)
at io.restassured.internal.RequestSpecificationImpl.header(RequestSpecificationImpl.groovy:842)
at Request.TC002_POST_Request.Changepassword(TC002_POST_Request.java:123)
... Removed 31 stack frames]]>
    </failure>
  </testcase> <!-- Changepassword -->
  <testcase classname="Request.TC002_POST_Request" name="MyProfile" time="0.001">
    <failure type="java.lang.IllegalArgumentException" message="Header value cannot be null">
      <![CDATA[java.lang.IllegalArgumentException: Header value cannot be null
at org.codehaus.groovy.runtime.callsite.ConstructorSite$ConstructorSiteNoUnwrap.callConstructor(ConstructorSite.java:84)
at org.codehaus.groovy.runtime.callsite.AbstractCallSite.callConstructor(AbstractCallSite.java:249)
at io.restassured.internal.common.assertion.AssertParameter.notNull(AssertParameter.groovy:26)
at io.restassured.internal.common.assertion.AssertParameter$notNull.callStatic(Unknown Source)
at org.codehaus.groovy.runtime.callsite.CallSiteArray.defaultCallStatic(CallSiteArray.java:55)
at io.restassured.internal.common.assertion.AssertParameter$notNull.callStatic(Unknown Source)
at io.restassured.internal.RequestSpecificationImpl.header(RequestSpecificationImpl.groovy:842)
at Request.TC002_POST_Request.MyProfile(TC002_POST_Request.java:149)
... Removed 31 stack frames]]>
    </failure>
  </testcase> <!-- MyProfile -->
</testsuite> <!-- Free CRM App Test Cases -->
