<?xml version="1.0" encoding="UTF-8"?>
<!-- Generated by org.testng.reporters.JUnitXMLReporter -->
<testsuite hostname="PerryG.local" failures="0" tests="5" name="Mentee Profile" time="3.693" errors="0" timestamp="12 Nov 2019 09:04:30 GMT">
  <testcase classname="Request.TC002_POST_Request" name="Registration" time="1.727"/>
  <testcase classname="Request.TC002_POST_Request" name="Registration" time="0.54"/>
  <testcase classname="Request.TC002_POST_Request" name="Registration" time="0.539"/>
  <testcase classname="Request.TC002_POST_Request" name="Login" time="0.152"/>
  <testcase classname="Request.TC002_POST_Request" name="Changepassword" time="0.201"/>
</testsuite> <!-- Mentee Profile -->
