<?xml version="1.0" encoding="UTF-8"?>
<!-- Generated by org.testng.reporters.JUnitXMLReporter -->
<testsuite ignored="0" hostname="PerryG.local" failures="0" tests="7" name="Default test" time="6.64" errors="0" timestamp="15 Nov 2019 11:43:28 GMT">
  <testcase classname="Request.TC002_POST_Request" name="Registration" time="1.977"/>
  <testcase classname="Request.TC002_POST_Request" name="Registration" time="0.542"/>
  <testcase classname="Request.TC002_POST_Request" name="Registration" time="0.571"/>
  <testcase classname="Request.TC002_POST_Request" name="Login" time="0.914"/>
  <testcase classname="Request.TC002_POST_Request" name="Changepassword" time="1.421"/>
  <testcase classname="Request.TC002_POST_Request" name="MyProfile" time="0.554"/>
  <testcase classname="Request.TC002_POST_Request" name="Upload_Profile_Picture" time="0.107"/>
</testsuite> <!-- Default test -->
