<?xml version="1.0" encoding="UTF-8"?>
<testng-results ignored="0" total="2" passed="2" failed="0" skipped="0">
  <reporter-output>
  </reporter-output>
  <suite started-at="2019-11-21T11:21:48Z" name="Default suite" finished-at="2019-11-21T11:21:50Z" duration-ms="2459">
    <groups>
    </groups>
    <test started-at="2019-11-21T11:21:48Z" name="Default test" finished-at="2019-11-21T11:21:50Z" duration-ms="2459">
      <class name="Request.TC002_POST_Request">
        <test-method signature="Login()[pri:1, instance:Request.TC002_POST_Request@13fd2ccd]" started-at="2019-11-21T11:21:48Z" name="Login" finished-at="2019-11-21T11:21:50Z" duration-ms="2338" status="PASS">
          <reporter-output>
          </reporter-output>
        </test-method> <!-- Login -->
        <test-method signature="Upload_Profile_Picture()[pri:4, instance:Request.TC002_POST_Request@13fd2ccd]" started-at="2019-11-21T11:21:50Z" name="Upload_Profile_Picture" finished-at="2019-11-21T11:21:50Z" duration-ms="105" status="PASS">
          <reporter-output>
          </reporter-output>
        </test-method> <!-- Upload_Profile_Picture -->
      </class> <!-- Request.TC002_POST_Request -->
    </test> <!-- Default test -->
  </suite> <!-- Default suite -->
</testng-results>
